\BOOKMARK [1][-]{section.1}{\376\377\000I\000n\000t\000r\000o\000d\000u\000c\000t\000i\000o\000n}{}% 1
\BOOKMARK [1][-]{section.2}{\376\377\000S\000p\000\351\000c\000i\000f\000i\000c\000a\000t\000i\000o\000n\000\040\000d\000e\000\040\000l\000'\000a\000l\000g\000o\000r\000i\000t\000h\000m\000e}{}% 2
\BOOKMARK [2][-]{subsection.2.1}{\376\377\000E\000n\000v\000i\000r\000o\000n\000n\000e\000m\000e\000n\000t}{section.2}% 3
\BOOKMARK [2][-]{subsection.2.2}{\376\377\000P\000r\000\351\000c\000o\000n\000d\000i\000t\000i\000o\000n}{section.2}% 4
\BOOKMARK [2][-]{subsection.2.3}{\376\377\000P\000o\000s\000t\000c\000o\000n\000d\000i\000t\000i\000o\000n}{section.2}% 5
\BOOKMARK [1][-]{section.3}{\376\377\000I\000m\000p\000l\000\351\000m\000e\000n\000t\000a\000t\000i\000o\000n}{}% 6
\BOOKMARK [2][-]{subsection.3.1}{\376\377\000D\000\351\000c\000l\000a\000r\000a\000t\000i\000o\000n\000\040\000d\000e\000s\000\040\000d\000o\000n\000n\000\351\000e\000s\000\040\000a\000b\000s\000t\000r\000a\000i\000t\000e\000s\000\040\000e\000t\000\040\000s\000t\000r\000u\000c\000t\000u\000r\000e\000s\000\040\000c\000o\000m\000m\000u\000n\000e\000s}{section.3}% 7
\BOOKMARK [3][-]{subsubsection.3.1.1}{\376\377\000S\000t\000r\000u\000c\000t\000u\000r\000e\000s\000\040\000c\000o\000m\000m\000u\000n\000e\000s}{subsection.3.1}% 8
\BOOKMARK [3][-]{subsubsection.3.1.2}{\376\377\000D\000o\000n\000n\000\351\000e\000s\000\040\000a\000b\000s\000t\000r\000a\000i\000t\000e\000s\000\040\000\340\000\040\000p\000r\000o\000p\000o\000s\000\040\000d\000e\000\040\000l\000a\000\040\000p\000r\000i\000o\000r\000i\000t\000y\000\040\000q\000u\000e\000u\000e\000\040\000\050\000p\000q\000.\000h\000\051}{subsection.3.1}% 9
\BOOKMARK [3][-]{subsubsection.3.1.3}{\376\377\000D\000o\000n\000n\000\351\000e\000s\000\040\000a\000b\000s\000t\000r\000a\000i\000t\000e\000s\000\040\000s\000u\000r\000\040\000l\000e\000s\000\040\000m\000\351\000t\000h\000o\000d\000e\000s\000\040\000d\000e\000\040\000l\000'\000a\000l\000g\000o\000r\000i\000t\000h\000m\000e\000\040\000\050\000d\000i\000j\000k\000s\000t\000r\000a\000.\000h\000\051}{subsection.3.1}% 10
\BOOKMARK [3][-]{subsubsection.3.1.4}{\376\377\000P\000e\000r\000t\000i\000n\000e\000n\000c\000e\000\040\000d\000e\000\040\000l\000a\000\040\000s\000t\000r\000u\000c\000t\000u\000r\000e\000\040\000d\000e\000\040\000d\000o\000n\000n\000\351\000e\000s}{subsection.3.1}% 11
\BOOKMARK [2][-]{subsection.3.2}{\376\377\000F\000i\000l\000e\000\040\000d\000e\000\040\000p\000r\000i\000o\000r\000i\000t\000\351\000\040\000p\000a\000r\000\040\000t\000a\000s\000\040\000b\000i\000n\000a\000i\000r\000e}{section.3}% 12
\BOOKMARK [2][-]{subsection.3.3}{\376\377\000E\000x\000p\000l\000o\000r\000a\000t\000i\000o\000n\000\040\000d\000e\000\040\000n\000o\000e\000u\000d\000\040\000e\000t\000\040\000f\000o\000n\000c\000t\000i\000o\000n\000\040\000p\000r\000i\000n\000c\000i\000p\000a\000l\000e}{section.3}% 13
\BOOKMARK [1][-]{section.4}{\376\377\000F\000o\000n\000c\000t\000i\000o\000n\000n\000e\000m\000e\000n\000t\000\040\000i\000n\000t\000u\000i\000t\000i\000f\000\040\000d\000e\000\040\000l\000'\000a\000l\000g\000o\000r\000i\000t\000h\000m\000e}{}% 14
\BOOKMARK [1][-]{section.5}{\376\377\000P\000r\000e\000u\000v\000e\000\040\000d\000e\000\040\000p\000r\000o\000g\000r\000a\000m\000m\000a\000t\000i\000o\000n\000\040\000d\000'\000u\000n\000\040\000i\000n\000v\000a\000r\000i\000a\000n\000t}{}% 15
\BOOKMARK [2][-]{subsection.5.1}{\376\377\000E\000x\000p\000r\000e\000s\000s\000i\000o\000n\000\040\000m\000a\000t\000h\000\351\000m\000a\000t\000i\000q\000u\000e\000s\000\040\000u\000t\000i\000l\000i\000s\000\351\000e\000s}{section.5}% 16
\BOOKMARK [2][-]{subsection.5.2}{\376\377\000T\000r\000o\000u\000v\000e\000r\000\040\000I}{section.5}% 17
\BOOKMARK [2][-]{subsection.5.3}{\376\377\000T\000r\000o\000u\000v\000e\000r\000\040\000B}{section.5}% 18
\BOOKMARK [2][-]{subsection.5.4}{\376\377\000D\000\351\000m\000o\000n\000s\000t\000r\000a\000t\000i\000o\000n\000\040\000d\000e\000s\000\040\000f\000o\000n\000c\000t\000i\000o\000n\000s\000\040\000i\000n\000t\000e\000r\000m\000\351\000d\000i\000a\000i\000r\000e\000s}{section.5}% 19
\BOOKMARK [3][-]{subsubsection.5.4.1}{\376\377\000P\000r\000e\000u\000v\000e\000\040\000d\000e\000\040\000c\000r\000e\000a\000t\000e\000\137\000p\000q}{subsection.5.4}% 20
\BOOKMARK [3][-]{subsubsection.5.4.2}{\376\377\000P\000r\000e\000u\000v\000e\000\040\000d\000e\000\040\000i\000s\000\137\000p\000q\000\137\000f\000u\000l\000l}{subsection.5.4}% 21
\BOOKMARK [3][-]{subsubsection.5.4.3}{\376\377\000P\000r\000e\000u\000v\000e\000\040\000d\000e\000\040\000s\000w\000a\000p}{subsection.5.4}% 22
\BOOKMARK [3][-]{subsubsection.5.4.4}{\376\377\000P\000r\000e\000u\000v\000e\000\040\000d\000e\000\040\000o\000r\000d\000e\000r\000\137\000l\000i\000n\000e\000a\000g\000e\000\137\000u\000p}{subsection.5.4}% 23
\BOOKMARK [3][-]{subsubsection.5.4.5}{\376\377\000P\000r\000e\000u\000v\000e\000\040\000d\000e\000\040\000a\000d\000d\000\137\000t\000o\000\137\000p\000q}{subsection.5.4}% 24
\BOOKMARK [2][-]{subsection.5.5}{\376\377\000P\000r\000o\000u\000v\000e\000r\000\040\000\173\000P\000\175\000I\000N\000I\000T\000\173\000I\000\175\000\040\000a\000v\000a\000n\000t\000\040\000d\000'\000e\000n\000t\000r\000e\000r\000\040\000d\000a\000n\000s\000\040\000l\000a\000\040\000b\000o\000u\000c\000l\000e}{section.5}% 25
\BOOKMARK [2][-]{subsection.5.6}{\376\377\000P\000r\000o\000u\000v\000e\000r\000\040\000\173\000I\000\040\000B\000\175\000I\000T\000E\000R\000\173\000I\000\175\000\040\000e\000s\000t\000\040\000v\000r\000a\000i\000\040\000a\000p\000r\000\350\000s\000\040\000u\000n\000e\000\040\000i\000t\000\351\000r\000a\000t\000i\000o\000n\000\040\000d\000e\000\040\000l\000a\000\040\000b\000o\000u\000c\000l\000e}{section.5}% 26
\BOOKMARK [3][-]{subsubsection.5.6.1}{\376\377\000O\000b\000t\000e\000n\000i\000r\000\040\000l\000e\000s\000\040\000c\000o\000n\000d\000i\000t\000i\000o\000n\000s\000\040\000i\000n\000i\000t\000i\000a\000l\000e\000s\000\040\000a\000v\000a\000n\000t\000\040\000l\000'\000e\000n\000t\000r\000\351\000e\000\040\000d\000a\000n\000s\000\040\000l\000a\000\040\000b\000o\000u\000c\000l\000e\000\040\000F\000O\000R}{subsection.5.6}% 27
\BOOKMARK [3][-]{subsubsection.5.6.2}{\376\377\000T\000r\000o\000u\000v\000e\000r\000\040\000l\000a\000\040\000p\000o\000s\000t\000c\000o\000n\000d\000i\000t\000i\000o\000n\000\040\000Q\0001\000\040\000s\000u\000i\000t\000e\000\040\000\340\000\040\000C\000O\000N\000D\000I\000T\000I\000O\000N\000S}{subsection.5.6}% 28
\BOOKMARK [3][-]{subsubsection.5.6.3}{\376\377\000T\000r\000o\000u\000v\000e\000r\000\040\000I\0001\000\040\000e\000t\000\040\000p\000r\000o\000u\000v\000e\000r\000\040\000s\000a\000\040\000v\000a\000l\000i\000d\000i\000t\000\351\000\040\000\173\000I\0001\000\040\000B\0001\000\175\000I\000T\000E\000R\0001\000\173\000I\0001\000\175\000\040\000a\000p\000r\000\350\000s\000\040\000u\000n\000e\000\040\000i\000t\000\351\000r\000a\000t\000i\000o\000n\000\040\000d\000e\000\040\000l\000a\000\040\000b\000o\000u\000c\000l\000e}{subsection.5.6}% 29
\BOOKMARK [3][-]{subsubsection.5.6.4}{\376\377\000O\000b\000t\000e\000n\000i\000r\000\040\000l\000e\000s\000\040\000c\000o\000n\000d\000i\000t\000i\000o\000n\000s\000\040\000f\000i\000n\000a\000l\000e\000s\000\040\000a\000p\000r\000\350\000s\000\040\000l\000e\000\040\000p\000a\000s\000s\000a\000g\000e\000\040\000d\000a\000n\000s\000\040\000l\000a\000\040\000b\000o\000u\000c\000l\000e\000\040\000F\000O\000R}{subsection.5.6}% 30
\BOOKMARK [3][-]{subsubsection.5.6.5}{\376\377\000C\000o\000n\000c\000l\000u\000s\000i\000o\000n\000\040\000s\000u\000r\000\040\000\173\000I\000\040\000B\000\175\000I\000T\000E\000R\000\173\000I\000\175}{subsection.5.6}% 31
\BOOKMARK [2][-]{subsection.5.7}{\376\377\000T\000r\000o\000u\000v\000e\000r\000\040\000C\000L\000O\000T}{section.5}% 32
\BOOKMARK [2][-]{subsection.5.8}{\376\377\000P\000r\000o\000u\000v\000e\000r\000\040\000\173\000I\000\040\000B\000\175\000C\000L\000O\000T\000\173\000Q\000\175\000\040\000e\000s\000t\000\040\000v\000r\000a\000i\000\040\000a\000p\000r\000\350\000s\000\040\000l\000a\000\040\000f\000i\000n\000\040\000d\000e\000\040\000l\000a\000\040\000b\000o\000u\000c\000l\000e}{section.5}% 33
\BOOKMARK [2][-]{subsection.5.9}{\376\377\000T\000r\000o\000u\000v\000e\000r\000\040\000f\000\050\000x\000\051}{section.5}% 34
\BOOKMARK [1][-]{section.6}{\376\377\000C\000o\000m\000p\000l\000e\000x\000i\000t\000\351\000\040\000d\000e\000\040\000l\000'\000a\000l\000g\000o\000r\000i\000t\000h\000m\000e}{}% 35
\BOOKMARK [2][-]{subsection.6.1}{\376\377\000C\000o\000m\000p\000l\000e\000x\000i\000t\000\351\000\040\000t\000e\000m\000p\000o\000r\000e\000l\000l\000e}{section.6}% 36
\BOOKMARK [2][-]{subsection.6.2}{\376\377\000C\000o\000m\000p\000l\000e\000x\000i\000t\000\351\000\040\000s\000p\000a\000t\000i\000a\000l\000e}{section.6}% 37
\BOOKMARK [1][-]{section.7}{\376\377\000V\000e\000r\000s\000i\000o\000n\000\040\000r\000\351\000c\000u\000r\000s\000i\000v\000e\000\040\000d\000e\000\040\000l\000'\000a\000l\000g\000o\000r\000i\000t\000h\000m\000e}{}% 38
\BOOKMARK [1][-]{section.8}{\376\377\000I\000n\000f\000o\000r\000m\000a\000t\000i\000o\000n\000s\000\040\000c\000o\000m\000p\000l\000\351\000m\000e\000n\000t\000a\000i\000r\000e\000s}{}% 39
