This is pdfTeX, Version 3.141592653-2.6-1.40.22 (TeX Live 2022/dev/Debian) (preloaded format=pdflatex 2025.10.17)  16 DEC 2025 16:18
entering extended mode
 restricted \write18 enabled.
 file:line:error style messages enabled.
 %&-line parsing enabled.
**/home/pamarchand/dev/unamur/algo1/report_algo_simplifié/report_algo_simplifié.tex
(/home/pamarchand/dev/unamur/algo1/report_algo_simplifié/report_algo_simplifié.tex
LaTeX2e <2021-11-15> patch level 1
L3 programming layer <2022-01-21> (/usr/share/texlive/texmf-dist/tex/latex/base/article.cls
Document Class: article 2021/10/04 v1.4n Standard LaTeX document class
(/usr/share/texlive/texmf-dist/tex/latex/base/size10.clo
File: size10.clo 2021/10/04 v1.4n Standard LaTeX file (size option)
)
\c@part=\count185
\c@section=\count186
\c@subsection=\count187
\c@subsubsection=\count188
\c@paragraph=\count189
\c@subparagraph=\count190
\c@figure=\count191
\c@table=\count192
\abovecaptionskip=\skip47
\belowcaptionskip=\skip48
\bibindent=\dimen138
) (/usr/share/texlive/texmf-dist/tex/latex/geometry/geometry.sty
Package: geometry 2020/01/02 v5.9 Page Geometry
 (/usr/share/texlive/texmf-dist/tex/latex/graphics/keyval.sty
Package: keyval 2014/10/28 v1.15 key=value parser (DPC)
\KV@toks@=\toks16
) (/usr/share/texlive/texmf-dist/tex/generic/iftex/ifvtex.sty
Package: ifvtex 2019/10/25 v1.7 ifvtex legacy package. Use iftex instead.
 (/usr/share/texlive/texmf-dist/tex/generic/iftex/iftex.sty
Package: iftex 2020/03/06 v1.0d TeX engine tests
))
\Gm@cnth=\count193
\Gm@cntv=\count194
\c@Gm@tempcnt=\count195
\Gm@bindingoffset=\dimen139
\Gm@wd@mp=\dimen140
\Gm@odd@mp=\dimen141
\Gm@even@mp=\dimen142
\Gm@layoutwidth=\dimen143
\Gm@layoutheight=\dimen144
\Gm@layouthoffset=\dimen145
\Gm@layoutvoffset=\dimen146
\Gm@dimlist=\toks17
) (/usr/share/texlive/texmf-dist/tex/latex/base/inputenc.sty
Package: inputenc 2021/02/14 v1.3d Input encoding file
\inpenc@prehook=\toks18
\inpenc@posthook=\toks19
) (/usr/share/texlive/texmf-dist/tex/generic/babel/babel.sty
Package: babel 2022/01/26 3.70 The Babel package
\babel@savecnt=\count196
\U@D=\dimen147
\l@unhyphenated=\language87
 (/usr/share/texlive/texmf-dist/tex/generic/babel/txtbabel.def)
\bbl@readstream=\read2
\bbl@dirlevel=\count197
 (/usr/share/texlive/texmf-dist/tex/generic/babel-french/french.ldf
Language: french 2021/07/20 v3.5m French support from the babel system
Package babel Info: Hyphen rules for 'acadian' set to \l@french
(babel)             (\language48). Reported on input line 91.
Package babel Info: Hyphen rules for 'canadien' set to \l@french
(babel)             (\language48). Reported on input line 92.
\FB@nonchar=\count198
Package babel Info: Making : an active character on input line 430.
Package babel Info: Making ; an active character on input line 431.
Package babel Info: Making ! an active character on input line 432.
Package babel Info: Making ? an active character on input line 433.
\FBguill@level=\count199
\FBold@everypar=\toks20
\FB@Mht=\dimen148
\mc@charclass=\count266
\mc@charfam=\count267
\mc@charslot=\count268
\std@mcc=\count269
\dec@mcc=\count270
\listindentFB=\dimen149
\descindentFB=\dimen150
\labelindentFB=\dimen151
\labelwidthFB=\dimen152
\leftmarginFB=\dimen153
\parindentFFN=\dimen154
\FBfnindent=\dimen155
)) (/usr/share/texlive/texmf-dist/tex/latex/carlisle/scalefnt.sty) (/usr/share/texlive/texmf-dist/tex/latex/amsmath/amsmath.sty
Package: amsmath 2021/10/15 v2.17l AMS math features
\@mathmargin=\skip49

For additional information on amsmath, use the `?' option.
(/usr/share/texlive/texmf-dist/tex/latex/amsmath/amstext.sty
Package: amstext 2021/08/26 v2.01 AMS text
 (/usr/share/texlive/texmf-dist/tex/latex/amsmath/amsgen.sty
File: amsgen.sty 1999/11/30 v2.0 generic functions
\@emptytoks=\toks21
\ex@=\dimen156
)) (/usr/share/texlive/texmf-dist/tex/latex/amsmath/amsbsy.sty
Package: amsbsy 1999/11/29 v1.2d Bold Symbols
\pmbraise@=\dimen157
) (/usr/share/texlive/texmf-dist/tex/latex/amsmath/amsopn.sty
Package: amsopn 2021/08/26 v2.02 operator names
)
\inf@bad=\count271
LaTeX Info: Redefining \frac on input line 234.
\uproot@=\count272
\leftroot@=\count273
LaTeX Info: Redefining \overline on input line 399.
\classnum@=\count274
\DOTSCASE@=\count275
LaTeX Info: Redefining \ldots on input line 496.
LaTeX Info: Redefining \dots on input line 499.
LaTeX Info: Redefining \cdots on input line 620.
\Mathstrutbox@=\box50
\strutbox@=\box51
\big@size=\dimen158
LaTeX Font Info:    Redeclaring font encoding OML on input line 743.
LaTeX Font Info:    Redeclaring font encoding OMS on input line 744.
\macc@depth=\count276
\c@MaxMatrixCols=\count277
\dotsspace@=\muskip16
\c@parentequation=\count278
\dspbrk@lvl=\count279
\tag@help=\toks22
\row@=\count280
\column@=\count281
\maxfields@=\count282
\andhelp@=\toks23
\eqnshift@=\dimen159
\alignsep@=\dimen160
\tagshift@=\dimen161
\tagwidth@=\dimen162
\totwidth@=\dimen163
\lineht@=\dimen164
\@envbody=\toks24
\multlinegap=\skip50
\multlinetaggap=\skip51
\mathdisplay@stack=\toks25
LaTeX Info: Redefining \[ on input line 2938.
LaTeX Info: Redefining \] on input line 2939.
) (/usr/share/texlive/texmf-dist/tex/latex/amsfonts/amssymb.sty
Package: amssymb 2013/01/14 v3.01 AMS font symbols
 (/usr/share/texlive/texmf-dist/tex/latex/amsfonts/amsfonts.sty
Package: amsfonts 2013/01/14 v3.01 Basic AMSFonts support
\symAMSa=\mathgroup4
\symAMSb=\mathgroup5
LaTeX Font Info:    Redeclaring math symbol \hbar on input line 98.
LaTeX Font Info:    Overwriting math alphabet `\mathfrak' in version `bold'
(Font)                  U/euf/m/n --> U/euf/b/n on input line 106.
)) (/home/pamarchand/texmf/tex/latex/progproving.sty
Package: progproving 2025/10/22 ProgProving
) (/usr/share/texlive/texmf-dist/tex/latex/xcolor/xcolor.sty
Package: xcolor 2021/10/31 v2.13 LaTeX color extensions (UK)
 (/usr/share/texlive/texmf-dist/tex/latex/graphics-cfg/color.cfg
File: color.cfg 2016/01/02 v1.6 sample color configuration
)
Package xcolor Info: Driver file: pdftex.def on input line 227.
 (/usr/share/texlive/texmf-dist/tex/latex/graphics-def/pdftex.def
File: pdftex.def 2020/10/05 v1.2a Graphics/color driver for pdftex
)
Package xcolor Info: Model `cmy' substituted by `cmy0' on input line 1352.
Package xcolor Info: Model `hsb' substituted by `rgb' on input line 1356.
Package xcolor Info: Model `RGB' extended on input line 1368.
Package xcolor Info: Model `HTML' substituted by `rgb' on input line 1370.
Package xcolor Info: Model `Hsb' substituted by `hsb' on input line 1371.
Package xcolor Info: Model `tHsb' substituted by `hsb' on input line 1372.
Package xcolor Info: Model `HSB' substituted by `hsb' on input line 1373.
Package xcolor Info: Model `Gray' substituted by `gray' on input line 1374.
Package xcolor Info: Model `wave' substituted by `hsb' on input line 1375.
) (/usr/share/texlive/texmf-dist/tex/latex/listings/listings.sty
\lst@mode=\count283
\lst@gtempboxa=\box52
\lst@token=\toks26
\lst@length=\count284
\lst@currlwidth=\dimen165
\lst@column=\count285
\lst@pos=\count286
\lst@lostspace=\dimen166
\lst@width=\dimen167
\lst@newlines=\count287
\lst@lineno=\count288
\lst@maxwidth=\dimen168
 (/usr/share/texlive/texmf-dist/tex/latex/listings/lstmisc.sty
File: lstmisc.sty 2020/03/24 1.8d (Carsten Heinz)
\c@lstnumber=\count289
\lst@skipnumbers=\count290
\lst@framebox=\box53
) (/usr/share/texlive/texmf-dist/tex/latex/listings/listings.cfg
File: listings.cfg 2020/03/24 1.8d listings configuration
))
Package: listings 2020/03/24 1.8d (Carsten Heinz)
 (/usr/share/texlive/texmf-dist/tex/latex/url/url.sty
\Urlmuskip=\muskip17
Package: url 2013/09/16  ver 3.4  Verb mode for urls, etc.
) (/usr/share/texlive/texmf-dist/tex/latex/pdflscape/pdflscape.sty
Package: pdflscape 2019/12/05 v0.12 Display of landscape pages in PDF (HO)
 (/usr/share/texlive/texmf-dist/tex/latex/graphics/lscape.sty
Package: lscape 2020/05/28 v3.02 Landscape Pages (DPC)
 (/usr/share/texlive/texmf-dist/tex/latex/graphics/graphics.sty
Package: graphics 2021/03/04 v1.4d Standard LaTeX Graphics (DPC,SPQR)
 (/usr/share/texlive/texmf-dist/tex/latex/graphics/trig.sty
Package: trig 2021/08/11 v1.11 sin cos tan (DPC)
) (/usr/share/texlive/texmf-dist/tex/latex/graphics-cfg/graphics.cfg
File: graphics.cfg 2016/06/04 v1.11 sample graphics configuration
)
Package graphics Info: Driver file: pdftex.def on input line 107.
))
Package pdflscape Info: Auto-detected driver: pdftex on input line 81.
) (/usr/share/texlive/texmf-dist/tex/latex/graphics/graphicx.sty
Package: graphicx 2021/09/16 v1.2d Enhanced LaTeX Graphics (DPC,SPQR)
\Gin@req@height=\dimen169
\Gin@req@width=\dimen170
) (/usr/share/texlive/texmf-dist/tex/latex/hyperref/hyperref.sty
Package: hyperref 2021-06-07 v7.00m Hypertext links for LaTeX
 (/usr/share/texlive/texmf-dist/tex/generic/ltxcmds/ltxcmds.sty
Package: ltxcmds 2020-05-10 v1.25 LaTeX kernel commands for general use (HO)
) (/usr/share/texlive/texmf-dist/tex/generic/pdftexcmds/pdftexcmds.sty
Package: pdftexcmds 2020-06-27 v0.33 Utility functions of pdfTeX for LuaTeX (HO)
 (/usr/share/texlive/texmf-dist/tex/generic/infwarerr/infwarerr.sty
Package: infwarerr 2019/12/03 v1.5 Providing info/warning/error messages (HO)
)
Package pdftexcmds Info: \pdf@primitive is available.
Package pdftexcmds Info: \pdf@ifprimitive is available.
Package pdftexcmds Info: \pdfdraftmode found.
) (/usr/share/texlive/texmf-dist/tex/generic/kvsetkeys/kvsetkeys.sty
Package: kvsetkeys 2019/12/15 v1.18 Key value parser (HO)
) (/usr/share/texlive/texmf-dist/tex/generic/kvdefinekeys/kvdefinekeys.sty
Package: kvdefinekeys 2019-12-19 v1.6 Define keys (HO)
) (/usr/share/texlive/texmf-dist/tex/generic/pdfescape/pdfescape.sty
Package: pdfescape 2019/12/09 v1.15 Implements pdfTeX's escape features (HO)
) (/usr/share/texlive/texmf-dist/tex/latex/hycolor/hycolor.sty
Package: hycolor 2020-01-27 v1.10 Color options for hyperref/bookmark (HO)
) (/usr/share/texlive/texmf-dist/tex/latex/letltxmacro/letltxmacro.sty
Package: letltxmacro 2019/12/03 v1.6 Let assignment for LaTeX macros (HO)
) (/usr/share/texlive/texmf-dist/tex/latex/auxhook/auxhook.sty
Package: auxhook 2019-12-17 v1.6 Hooks for auxiliary files (HO)
) (/usr/share/texlive/texmf-dist/tex/latex/kvoptions/kvoptions.sty
Package: kvoptions 2020-10-07 v3.14 Key value format for package options (HO)
)
\@linkdim=\dimen171
\Hy@linkcounter=\count291
\Hy@pagecounter=\count292
 (/usr/share/texlive/texmf-dist/tex/latex/hyperref/pd1enc.def
File: pd1enc.def 2021-06-07 v7.00m Hyperref: PDFDocEncoding definition (HO)
Now handling font encoding PD1 ...
... no UTF-8 mapping file for font encoding PD1
) (/usr/share/texlive/texmf-dist/tex/latex/hyperref/hyperref-langpatches.def
File: hyperref-langpatches.def 2021-06-07 v7.00m Hyperref: patches for babel languages
) (/usr/share/texlive/texmf-dist/tex/generic/intcalc/intcalc.sty
Package: intcalc 2019/12/15 v1.3 Expandable calculations with integers (HO)
) (/usr/share/texlive/texmf-dist/tex/generic/etexcmds/etexcmds.sty
Package: etexcmds 2019/12/15 v1.7 Avoid name clashes with e-TeX commands (HO)
)
\Hy@SavedSpaceFactor=\count293
 (/usr/share/texlive/texmf-dist/tex/latex/hyperref/puenc.def
File: puenc.def 2021-06-07 v7.00m Hyperref: PDF Unicode definition (HO)
Now handling font encoding PU ...
... no UTF-8 mapping file for font encoding PU
)
Package hyperref Info: Hyper figures OFF on input line 4192.
Package hyperref Info: Link nesting OFF on input line 4197.
Package hyperref Info: Hyper index ON on input line 4200.
Package hyperref Info: Plain pages OFF on input line 4207.
Package hyperref Info: Backreferencing OFF on input line 4212.
Package hyperref Info: Implicit mode ON; LaTeX internals redefined.
Package hyperref Info: Bookmarks ON on input line 4445.
\c@Hy@tempcnt=\count294
LaTeX Info: Redefining \url on input line 4804.
\XeTeXLinkMargin=\dimen172
 (/usr/share/texlive/texmf-dist/tex/generic/bitset/bitset.sty
Package: bitset 2019/12/09 v1.3 Handle bit-vector datatype (HO)
 (/usr/share/texlive/texmf-dist/tex/generic/bigintcalc/bigintcalc.sty
Package: bigintcalc 2019/12/15 v1.5 Expandable calculations on big integers (HO)
))
\Fld@menulength=\count295
\Field@Width=\dimen173
\Fld@charsize=\dimen174
Package hyperref Info: Hyper figures OFF on input line 6076.
Package hyperref Info: Link nesting OFF on input line 6081.
Package hyperref Info: Hyper index ON on input line 6084.
Package hyperref Info: backreferencing OFF on input line 6091.
Package hyperref Info: Link coloring OFF on input line 6096.
Package hyperref Info: Link coloring with OCG OFF on input line 6101.
Package hyperref Info: PDF/A mode OFF on input line 6106.
LaTeX Info: Redefining \ref on input line 6146.
LaTeX Info: Redefining \pageref on input line 6150.
 (/usr/share/texlive/texmf-dist/tex/latex/base/atbegshi-ltx.sty
Package: atbegshi-ltx 2021/01/10 v1.0c Emulation of the original atbegshi
package with kernel methods
)
\Hy@abspage=\count296
\c@Item=\count297
\c@Hfootnote=\count298
)
Package hyperref Info: Driver (autodetected): hpdftex.
 (/usr/share/texlive/texmf-dist/tex/latex/hyperref/hpdftex.def
File: hpdftex.def 2021-06-07 v7.00m Hyperref driver for pdfTeX
 (/usr/share/texlive/texmf-dist/tex/latex/base/atveryend-ltx.sty
Package: atveryend-ltx 2020/08/19 v1.0a Emulation of the original atveryend package
with kernel methods
)
\Fld@listcount=\count299
\c@bookmark@seq@number=\count300
 (/usr/share/texlive/texmf-dist/tex/latex/rerunfilecheck/rerunfilecheck.sty
Package: rerunfilecheck 2019/12/05 v1.9 Rerun checks for auxiliary files (HO)
 (/usr/share/texlive/texmf-dist/tex/generic/uniquecounter/uniquecounter.sty
Package: uniquecounter 2019/12/15 v1.4 Provide unlimited unique counter (HO)
)
Package uniquecounter Info: New unique counter `rerunfilecheck' on input line 286.
)
\Hy@SectionHShift=\skip52
) (/usr/share/texlive/texmf-dist/tex/latex/listings/lstlang1.sty
File: lstlang1.sty 2020/03/24 1.8d listings language file
) (/usr/share/texlive/texmf-dist/tex/latex/listings/lstmisc.sty
File: lstmisc.sty 2020/03/24 1.8d (Carsten Heinz)
) (/usr/share/texlive/texmf-dist/tex/latex/l3backend/l3backend-pdftex.def
File: l3backend-pdftex.def 2022-01-12 L3 backend support: PDF output (pdfTeX)
\l__color_backend_stack_int=\count301
\l__pdf_internal_box=\box54
) (./report_algo_simplifié.aux)
\openout1 = `report_algo_simplifié.aux'.

LaTeX Font Info:    Checking defaults for OML/cmm/m/it on input line 44.
LaTeX Font Info:    ... okay on input line 44.
LaTeX Font Info:    Checking defaults for OMS/cmsy/m/n on input line 44.
LaTeX Font Info:    ... okay on input line 44.
LaTeX Font Info:    Checking defaults for OT1/cmr/m/n on input line 44.
LaTeX Font Info:    ... okay on input line 44.
LaTeX Font Info:    Checking defaults for T1/cmr/m/n on input line 44.
LaTeX Font Info:    ... okay on input line 44.
LaTeX Font Info:    Checking defaults for TS1/cmr/m/n on input line 44.
LaTeX Font Info:    ... okay on input line 44.
LaTeX Font Info:    Checking defaults for OMX/cmex/m/n on input line 44.
LaTeX Font Info:    ... okay on input line 44.
LaTeX Font Info:    Checking defaults for U/cmr/m/n on input line 44.
LaTeX Font Info:    ... okay on input line 44.
LaTeX Font Info:    Checking defaults for PD1/pdf/m/n on input line 44.
LaTeX Font Info:    ... okay on input line 44.
LaTeX Font Info:    Checking defaults for PU/pdf/m/n on input line 44.
LaTeX Font Info:    ... okay on input line 44.

*geometry* driver: auto-detecting
*geometry* detected driver: pdftex
*geometry* verbose mode - [ preamble ] result:
* driver: pdftex
* paper: a4paper
* layout: <same size as paper>
* layoutoffset:(h,v)=(0.0pt,0.0pt)
* modes: 
* h-part:(L,W,R)=(71.13188pt, 469.47049pt, 56.9055pt)
* v-part:(T,H,B)=(71.13188pt, 702.78308pt, 71.13188pt)
* \paperwidth=597.50787pt
* \paperheight=845.04684pt
* \textwidth=469.47049pt
* \textheight=702.78308pt
* \oddsidemargin=-1.1381pt
* \evensidemargin=-1.1381pt
* \topmargin=-38.1381pt
* \headheight=12.0pt
* \headsep=25.0pt
* \topskip=10.0pt
* \footskip=30.0pt
* \marginparwidth=65.0pt
* \marginparsep=11.0pt
* \columnsep=10.0pt
* \skip\footins=9.0pt plus 4.0pt minus 2.0pt
* \hoffset=0.0pt
* \voffset=0.0pt
* \mag=1000
* \@twocolumnfalse
* \@twosidefalse
* \@mparswitchfalse
* \@reversemarginfalse
* (1in=72.27pt=25.4mm, 1cm=28.453pt)

LaTeX Info: Redefining \degres on input line 44.
LaTeX Info: Redefining \up on input line 44.

Package french.ldf Warning: OT1 encoding should not be used for French.
(french.ldf)                Add \usepackage[T1]{fontenc} to the preamble
(french.ldf)                of your document; reported on input line 44.

(/usr/share/texlive/texmf-dist/tex/context/base/mkii/supp-pdf.mkii
[Loading MPS to PDF converter (version 2006.09.02).]
\scratchcounter=\count302
\scratchdimen=\dimen175
\scratchbox=\box55
\nofMPsegments=\count303
\nofMParguments=\count304
\everyMPshowfont=\toks27
\MPscratchCnt=\count305
\MPscratchDim=\dimen176
\MPnumerator=\count306
\makeMPintoPDFobject=\count307
\everyMPtoPDFconversion=\toks28
) (/usr/share/texlive/texmf-dist/tex/latex/epstopdf-pkg/epstopdf-base.sty
Package: epstopdf-base 2020-01-24 v2.11 Base part for package epstopdf
Package epstopdf-base Info: Redefining graphics rule for `.eps' on input line 485.
 (/usr/share/texlive/texmf-dist/tex/latex/latexconfig/epstopdf-sys.cfg
File: epstopdf-sys.cfg 2010/07/13 v1.3 Configuration of (r)epstopdf for TeX Live
))
\c@lstlisting=\count308
Package hyperref Info: Link coloring OFF on input line 44.
 (/usr/share/texlive/texmf-dist/tex/latex/hyperref/nameref.sty
Package: nameref 2021-04-02 v2.47 Cross-referencing by name of section
 (/usr/share/texlive/texmf-dist/tex/latex/refcount/refcount.sty
Package: refcount 2019/12/15 v3.6 Data extraction from label references (HO)
) (/usr/share/texlive/texmf-dist/tex/generic/gettitlestring/gettitlestring.sty
Package: gettitlestring 2019/12/15 v1.6 Cleanup title references (HO)
)
\c@section@level=\count309
)
LaTeX Info: Redefining \ref on input line 44.
LaTeX Info: Redefining \pageref on input line 44.
LaTeX Info: Redefining \nameref on input line 44.
 (./report_algo_simplifié.out) (./report_algo_simplifié.out)
\@outlinefile=\write3
\openout3 = `report_algo_simplifié.out'.

LaTeX Font Info:    Trying to load font information for U+msa on input line 50.
 (/usr/share/texlive/texmf-dist/tex/latex/amsfonts/umsa.fd
File: umsa.fd 2013/01/14 v3.01 AMS symbols A
)
LaTeX Font Info:    Trying to load font information for U+msb on input line 50.
 (/usr/share/texlive/texmf-dist/tex/latex/amsfonts/umsb.fd
File: umsb.fd 2013/01/14 v3.01 AMS symbols B
) [1

{/var/lib/texmf/fonts/map/pdftex/updmap/pdftex.map}] [2] (../simplified_dikstra_algo/src/pq.h [3]) (../simplified_dikstra_algo/src/dijkstra.h [4]) (../simplified_dikstra_algo/src/pq.c [5] [6] [7]) (../simplified_dikstra_algo/src/dijkstra.c [8] [9]) [10] [11]
Overfull \hbox (19.96095pt too wide) detected at line 489
[]
 []

[12] [13]

Package hyperref Warning: Token not allowed in a PDF string (Unicode):
(hyperref)                removing `math shift' on input line 492.


Package hyperref Warning: Token not allowed in a PDF string (Unicode):
(hyperref)                removing `math shift' on input line 492.


Package hyperref Warning: Token not allowed in a PDF string (Unicode):
(hyperref)                removing `math shift' on input line 516.


Package hyperref Warning: Token not allowed in a PDF string (Unicode):
(hyperref)                removing `\neg' on input line 516.


Package hyperref Warning: Token not allowed in a PDF string (Unicode):
(hyperref)                removing `math shift' on input line 516.


Underfull \hbox (badness 10000) in paragraph at lines 656--656
[][][][][][][][][][][][][][][][][][][][][][]
 []


Underfull \hbox (badness 10000) in paragraph at lines 656--656
[][][][][][][][][][][][][][][][][][][][]
 []


Underfull \hbox (badness 10000) in paragraph at lines 656--656
[][][][][][][][][][][][][][][][][][][][][][]
 []


Underfull \hbox (badness 10000) in paragraph at lines 656--656
[][][][][][][][][][][][][][][][][][][][]
 []

[14] [15]

Package hyperref Warning: Token not allowed in a PDF string (Unicode):
(hyperref)                removing `math shift' on input line 658.


Package hyperref Warning: Token not allowed in a PDF string (Unicode):
(hyperref)                removing `math shift' on input line 658.


Underfull \hbox (badness 10000) in paragraph at lines 694--694
[][][][][][][][][][][][][][][][][][][][][][]
 []


Underfull \hbox (badness 10000) in paragraph at lines 694--694
[][][][][][][][][][][][][][][][][][][][][][]
 []


Package hyperref Warning: Token not allowed in a PDF string (Unicode):
(hyperref)                removing `math shift' on input line 696.


Package hyperref Warning: Token not allowed in a PDF string (Unicode):
(hyperref)                removing `math shift' on input line 696.

[16]
Overfull \hbox (5.29149pt too wide) detected at line 774
[]
 []


Package hyperref Warning: Token not allowed in a PDF string (Unicode):
(hyperref)                removing `math shift' on input line 775.


Package hyperref Warning: Token not allowed in a PDF string (Unicode):
(hyperref)                removing `math shift' on input line 775.

[17]
Underfull \hbox (badness 10000) in paragraph at lines 855--855
[][][][][][][][][][][][][][][][][][][][][][][][][]
 []


Underfull \hbox (badness 10000) in paragraph at lines 855--855
[][][][][][][][][][][][][][][][][][]
 []


Underfull \hbox (badness 10000) in paragraph at lines 855--855
[][][][][][][][][][][][][][][][][][][][][][][]
 []


Underfull \hbox (badness 10000) in paragraph at lines 855--855

 []


Underfull \hbox (badness 10000) in paragraph at lines 855--855
[][][][][][][][][][][][][][][][][][][][][][][][][][]
 []


Underfull \hbox (badness 10000) in paragraph at lines 855--855
[][][][][][][][][][][][][][][][][][]
 []


Underfull \hbox (badness 10000) in paragraph at lines 855--855
[][][][][][][][][][][][][][][][][][][][][][][]
 []


Underfull \hbox (badness 10000) in paragraph at lines 855--855

 []


Underfull \hbox (badness 10000) in paragraph at lines 855--855
[][][][][][][][][][][][][][][][][][][][][][][][][]
 []


Underfull \hbox (badness 10000) in paragraph at lines 855--855
[][][][][][][][][][][][][][][][][][]
 []


Underfull \hbox (badness 10000) in paragraph at lines 855--855
[][][][][][][][][][][][][][][][][][][][][][][]
 []


Underfull \hbox (badness 10000) in paragraph at lines 855--855

 []


Underfull \hbox (badness 10000) in paragraph at lines 855--855
[][][][][][][][][][][][][][][][][][][][][][][][][][]
 []


Underfull \hbox (badness 10000) in paragraph at lines 855--855
[][][][][][][][][][][][][][][][][][]
 []


Underfull \hbox (badness 10000) in paragraph at lines 855--855
[][][][][][][][][][][][][][][][][][][][][][][]
 []


Underfull \hbox (badness 10000) in paragraph at lines 855--855

 []


Package hyperref Warning: Token not allowed in a PDF string (Unicode):
(hyperref)                removing `math shift' on input line 857.


Package hyperref Warning: Token not allowed in a PDF string (Unicode):
(hyperref)                removing `math shift' on input line 857.

[18]
Underfull \hbox (badness 10000) in paragraph at lines 961--961
[][][][][][][][][][][][][][][][][]
 []


Underfull \hbox (badness 10000) in paragraph at lines 961--961

 []


Underfull \hbox (badness 10000) in paragraph at lines 961--961
[][][][][][][][][][][][][][][][][]
 []


Underfull \hbox (badness 10000) in paragraph at lines 961--961

 []


Underfull \hbox (badness 10000) in paragraph at lines 961--961
[][][][][][][][][][][][][][][][][][]
 []


Underfull \hbox (badness 10000) in paragraph at lines 961--961

 []


Underfull \hbox (badness 10000) in paragraph at lines 961--961

 []


Underfull \hbox (badness 10000) in paragraph at lines 961--961
[][][][][][][][][][][][][][][][][]
 []


Underfull \hbox (badness 10000) in paragraph at lines 961--961

 []


Underfull \hbox (badness 10000) in paragraph at lines 961--961
[][][][][][][][][][][][][][][][][]
 []


Underfull \hbox (badness 10000) in paragraph at lines 961--961

 []


Underfull \hbox (badness 10000) in paragraph at lines 961--961
[][][][][][][][][][][][][][][][][][]
 []


Underfull \hbox (badness 10000) in paragraph at lines 961--961

 []


Underfull \hbox (badness 10000) in paragraph at lines 961--961

 []

[19]

Package hyperref Warning: Token not allowed in a PDF string (Unicode):
(hyperref)                removing `math shift' on input line 1004.


Package hyperref Warning: Token not allowed in a PDF string (Unicode):
(hyperref)                removing `math shift' on input line 1004.


Underfull \hbox (badness 10000) in paragraph at lines 1087--1087
[][][][][][][][][][][][][][][][][][][][][][][]
 []


Underfull \hbox (badness 10000) in paragraph at lines 1087--1087
[][][][][][][][][][][][][][][][][][][][][][][][][]
 []


Underfull \hbox (badness 10000) in paragraph at lines 1087--1087
[][][][][][][][][][][][][][][][][][][][][][][][][][][]
 []


Underfull \hbox (badness 10000) in paragraph at lines 1087--1087

 []


Underfull \hbox (badness 10000) in paragraph at lines 1087--1087
[][][][][][][][][][][][][][][][][][][][][][][][]
 []


Underfull \hbox (badness 10000) in paragraph at lines 1087--1087
[][][][][][][][][][][][][][][][][][][][][][][][][]
 []


Underfull \hbox (badness 10000) in paragraph at lines 1087--1087
[][][][][][][][][][][][][][][][][][][][][][][][][][][]
 []


Underfull \hbox (badness 10000) in paragraph at lines 1087--1087

 []


Underfull \hbox (badness 10000) in paragraph at lines 1087--1087
[][][][][][][][][][][][][][][][][][][][][][][][][][]
 []


Underfull \hbox (badness 10000) in paragraph at lines 1087--1087
[][][][][][][][][][][][][][][][][][][][][][][][][][][]
 []


Underfull \hbox (badness 10000) in paragraph at lines 1087--1087

 []


Underfull \hbox (badness 10000) in paragraph at lines 1087--1087
[][][][][][][][][][][][][][][][][][][][][][][][][][][][]
 []


Underfull \hbox (badness 10000) in paragraph at lines 1087--1087

 []


Underfull \hbox (badness 10000) in paragraph at lines 1087--1087
[][][][][][][][][][][][][][][][][][][][][][][]
 []


Underfull \hbox (badness 10000) in paragraph at lines 1087--1087
[][][][][][][][][][][][][][][][][][][][][][][][][]
 []


Underfull \hbox (badness 10000) in paragraph at lines 1087--1087
[][][][][][][][][][][][][][][][][][][][][][][][][][][]
 []


Underfull \hbox (badness 10000) in paragraph at lines 1087--1087

 []


Underfull \hbox (badness 10000) in paragraph at lines 1087--1087
[][][][][][][][][][][][][][][][][][][][][][][][]
 []


Underfull \hbox (badness 10000) in paragraph at lines 1087--1087
[][][][][][][][][][][][][][][][][][][][][][][][][]
 []


Underfull \hbox (badness 10000) in paragraph at lines 1087--1087
[][][][][][][][][][][][][][][][][][][][][][][][][][][]
 []


Underfull \hbox (badness 10000) in paragraph at lines 1087--1087

 []


Underfull \hbox (badness 10000) in paragraph at lines 1087--1087
[][][][][][][][][][][][][][][][][][][][][][][][][][]
 []


Underfull \hbox (badness 10000) in paragraph at lines 1087--1087
[][][][][][][][][][][][][][][][][][][][][][][][][][][]
 []


Underfull \hbox (badness 10000) in paragraph at lines 1087--1087

 []


Underfull \hbox (badness 10000) in paragraph at lines 1087--1087
[][][][][][][][][][][][][][][][][][][][][][][][][][][][]
 []


Underfull \hbox (badness 10000) in paragraph at lines 1087--1087

 []

[20]
Underfull \hbox (badness 10000) in paragraph at lines 1145--1145
[][][][][][][][][][][][][][][][][][][][][][][][][][][][][][][][][][][][][][][][][][][][][][][][]
 []


Underfull \hbox (badness 10000) in paragraph at lines 1145--1145
[][][][][][][][][][][][][][][][][][][][]
 []


Underfull \hbox (badness 10000) in paragraph at lines 1145--1145
[][][][][][][][][][][][][][][][][][][][][][]
 []


Underfull \hbox (badness 10000) in paragraph at lines 1145--1145
[][][][][][][][][][][][][][][][][][][][][][][][][][][][][][][][][][][][][][][][][][][][][][][][]
 []


Underfull \hbox (badness 10000) in paragraph at lines 1145--1145
[][][][][][][][][][][][][][][][][][][][]
 []


Underfull \hbox (badness 10000) in paragraph at lines 1145--1145
[][][][][][][][][][][][][][][][][][][][][][]
 []


Overfull \hbox (6.11336pt too wide) detected at line 1145
[]
 []

[21]
Underfull \hbox (badness 10000) in paragraph at lines 1218--1218
[][][][][][][][][]
 []


Underfull \hbox (badness 10000) in paragraph at lines 1218--1218
[][][][][][][][][][][]
 []


Underfull \hbox (badness 10000) in paragraph at lines 1218--1218

 []


Underfull \hbox (badness 10000) in paragraph at lines 1218--1218
[][][][][][][][][][]
 []


Underfull \hbox (badness 10000) in paragraph at lines 1218--1218
[][][][][][][][][][][]
 []


Underfull \hbox (badness 10000) in paragraph at lines 1218--1218

 []


Underfull \hbox (badness 10000) in paragraph at lines 1218--1218
[][][][][][][][][][][][]
 []


Underfull \hbox (badness 10000) in paragraph at lines 1218--1218

 []


Underfull \hbox (badness 10000) in paragraph at lines 1218--1218

 []


Underfull \hbox (badness 10000) in paragraph at lines 1218--1218
[][][][][][][][][]
 []


Underfull \hbox (badness 10000) in paragraph at lines 1218--1218
[][][][][][][][][][][]
 []


Underfull \hbox (badness 10000) in paragraph at lines 1218--1218

 []


Underfull \hbox (badness 10000) in paragraph at lines 1218--1218
[][][][][][][][][][]
 []


Underfull \hbox (badness 10000) in paragraph at lines 1218--1218
[][][][][][][][][][][]
 []


Underfull \hbox (badness 10000) in paragraph at lines 1218--1218

 []


Underfull \hbox (badness 10000) in paragraph at lines 1218--1218
[][][][][][][][][][][][]
 []


Underfull \hbox (badness 10000) in paragraph at lines 1218--1218

 []


Underfull \hbox (badness 10000) in paragraph at lines 1218--1218

 []

[22]

Package hyperref Warning: Token not allowed in a PDF string (Unicode):
(hyperref)                removing `math shift' on input line 1222.


Package hyperref Warning: Token not allowed in a PDF string (Unicode):
(hyperref)                removing `\land' on input line 1222.


Package hyperref Warning: Token not allowed in a PDF string (Unicode):
(hyperref)                removing `math shift' on input line 1222.

[23]

Package hyperref Warning: Token not allowed in a PDF string (Unicode):
(hyperref)                removing `math shift' on input line 1271.


Package hyperref Warning: Token not allowed in a PDF string (Unicode):
(hyperref)                removing `math shift' on input line 1271.


Underfull \hbox (badness 10000) in paragraph at lines 1346--1346

 []


Underfull \hbox (badness 10000) in paragraph at lines 1346--1346

 []


Underfull \hbox (badness 10000) in paragraph at lines 1346--1346

 []


Underfull \hbox (badness 10000) in paragraph at lines 1346--1346

 []


Underfull \hbox (badness 10000) in paragraph at lines 1346--1346

 []


Underfull \hbox (badness 10000) in paragraph at lines 1346--1346

 []


Underfull \hbox (badness 10000) in paragraph at lines 1346--1346

 []


Underfull \hbox (badness 10000) in paragraph at lines 1346--1346

 []


Underfull \hbox (badness 10000) in paragraph at lines 1346--1346

 []


Underfull \hbox (badness 10000) in paragraph at lines 1346--1346

 []


Overfull \hbox (43.2715pt too wide) detected at line 1346
[]
 []

[24]

Package hyperref Warning: Token not allowed in a PDF string (Unicode):
(hyperref)                removing `math shift' on input line 1350.


Package hyperref Warning: Token not allowed in a PDF string (Unicode):
(hyperref)                removing `math shift' on input line 1350.


Package hyperref Warning: Token not allowed in a PDF string (Unicode):
(hyperref)                removing `math shift' on input line 1350.


Package hyperref Warning: Token not allowed in a PDF string (Unicode):
(hyperref)                removing `math shift' on input line 1350.


Underfull \hbox (badness 10000) in paragraph at lines 1434--1434

 []


Underfull \hbox (badness 10000) in paragraph at lines 1434--1434

 []


Underfull \hbox (badness 10000) in paragraph at lines 1434--1434

 []


Underfull \hbox (badness 10000) in paragraph at lines 1434--1434

 []


Underfull \hbox (badness 10000) in paragraph at lines 1434--1434

 []


Underfull \hbox (badness 10000) in paragraph at lines 1434--1434

 []


Underfull \hbox (badness 10000) in paragraph at lines 1434--1434

 []


Underfull \hbox (badness 10000) in paragraph at lines 1434--1434

 []

[25]
Underfull \hbox (badness 10000) in paragraph at lines 1570--1570
[][][][][][][][][][][][]
 []


Underfull \hbox (badness 10000) in paragraph at lines 1570--1570

 []


Underfull \hbox (badness 10000) in paragraph at lines 1570--1570
[][][][][][][]
 []


Underfull \hbox (badness 10000) in paragraph at lines 1570--1570
[][][][][][][][][][][]
 []


Underfull \hbox (badness 10000) in paragraph at lines 1570--1570
[][][][][][][][][][][][][][][]
 []


Underfull \hbox (badness 10000) in paragraph at lines 1570--1570

 []


Underfull \hbox (badness 10000) in paragraph at lines 1570--1570
[][][][][][][][][][][][]
 []


Underfull \hbox (badness 10000) in paragraph at lines 1570--1570

 []


Underfull \hbox (badness 10000) in paragraph at lines 1570--1570
[][][][][][][]
 []


Underfull \hbox (badness 10000) in paragraph at lines 1570--1570
[][][][][][][][][][][]
 []


Underfull \hbox (badness 10000) in paragraph at lines 1570--1570
[][][][][][][][][][][][][][][]
 []


Underfull \hbox (badness 10000) in paragraph at lines 1570--1570

 []


Overfull \hbox (57.08641pt too wide) detected at line 1570
[]
 []

[26]
Underfull \hbox (badness 10000) in paragraph at lines 1797--1797
[][][][][][][]
 []


Underfull \hbox (badness 10000) in paragraph at lines 1797--1797
[][][][][][][][][][][]
 []


Underfull \hbox (badness 10000) in paragraph at lines 1797--1797
[][][][][][][][][][][][][][][]
 []


Underfull \hbox (badness 10000) in paragraph at lines 1797--1797

 []


Underfull \hbox (badness 10000) in paragraph at lines 1797--1797
[][][][]
 []


Underfull \hbox (badness 10000) in paragraph at lines 1797--1797
[][][][][][][]
 []


Underfull \hbox (badness 10000) in paragraph at lines 1797--1797
[][][][][][][][][][][]
 []


Underfull \hbox (badness 10000) in paragraph at lines 1797--1797
[][][][][][][][][][][][][][][]
 []


Underfull \hbox (badness 10000) in paragraph at lines 1797--1797

 []


Underfull \hbox (badness 10000) in paragraph at lines 1797--1797
[][][][][][][][]
 []


Underfull \hbox (badness 10000) in paragraph at lines 1797--1797
[][][][][][][][][][][]
 []


Underfull \hbox (badness 10000) in paragraph at lines 1797--1797
[][][][][][][][][][][][][][][]
 []


Underfull \hbox (badness 10000) in paragraph at lines 1797--1797

 []


Underfull \hbox (badness 10000) in paragraph at lines 1797--1797
[][][][][][][][]
 []


Underfull \hbox (badness 10000) in paragraph at lines 1797--1797
[][][][][][][][][][][]
 []


Underfull \hbox (badness 10000) in paragraph at lines 1797--1797
[][][][][][][][][][][][][][][]
 []


Underfull \hbox (badness 10000) in paragraph at lines 1797--1797

 []


Underfull \hbox (badness 10000) in paragraph at lines 1797--1797
[][][][][][][][]
 []


Underfull \hbox (badness 10000) in paragraph at lines 1797--1797
[][][][][][][][][][][]
 []


Underfull \hbox (badness 10000) in paragraph at lines 1797--1797
[][][][][][][][][][][][][][][]
 []


Underfull \hbox (badness 10000) in paragraph at lines 1797--1797

 []


Underfull \hbox (badness 10000) in paragraph at lines 1797--1797
[][][][][][][][][][][][]
 []


Underfull \hbox (badness 10000) in paragraph at lines 1797--1797
[][][][][][][][][][][][][][][]
 []


Underfull \hbox (badness 10000) in paragraph at lines 1797--1797

 []


Underfull \hbox (badness 10000) in paragraph at lines 1797--1797
[][][][][][][][][][][][]
 []


Underfull \hbox (badness 10000) in paragraph at lines 1797--1797
[][][][][][][][][][][][][][][]
 []


Underfull \hbox (badness 10000) in paragraph at lines 1797--1797

 []


Underfull \hbox (badness 10000) in paragraph at lines 1797--1797
[][][][][][][][][][][][][][][][]
 []


Underfull \hbox (badness 10000) in paragraph at lines 1797--1797

 []


Underfull \hbox (badness 10000) in paragraph at lines 1797--1797
[][][][][][][][][][][][][][][][]
 []


Underfull \hbox (badness 10000) in paragraph at lines 1797--1797

 []


Underfull \hbox (badness 10000) in paragraph at lines 1797--1797
[][][][][][][]
 []


Underfull \hbox (badness 10000) in paragraph at lines 1797--1797
[][][][][][][][][][][]
 []


Underfull \hbox (badness 10000) in paragraph at lines 1797--1797
[][][][][][][][][][][][][][][]
 []


Underfull \hbox (badness 10000) in paragraph at lines 1797--1797

 []


Underfull \hbox (badness 10000) in paragraph at lines 1797--1797
[][][][]
 []


Underfull \hbox (badness 10000) in paragraph at lines 1797--1797
[][][][][][][]
 []


Underfull \hbox (badness 10000) in paragraph at lines 1797--1797
[][][][][][][][][][][]
 []


Underfull \hbox (badness 10000) in paragraph at lines 1797--1797
[][][][][][][][][][][][][][][]
 []


Underfull \hbox (badness 10000) in paragraph at lines 1797--1797

 []


Underfull \hbox (badness 10000) in paragraph at lines 1797--1797
[][][][][][][][]
 []


Underfull \hbox (badness 10000) in paragraph at lines 1797--1797
[][][][][][][][][][][]
 []


Underfull \hbox (badness 10000) in paragraph at lines 1797--1797
[][][][][][][][][][][][][][][]
 []


Underfull \hbox (badness 10000) in paragraph at lines 1797--1797

 []


Underfull \hbox (badness 10000) in paragraph at lines 1797--1797
[][][][][][][][]
 []


Underfull \hbox (badness 10000) in paragraph at lines 1797--1797
[][][][][][][][][][][]
 []


Underfull \hbox (badness 10000) in paragraph at lines 1797--1797
[][][][][][][][][][][][][][][]
 []


Underfull \hbox (badness 10000) in paragraph at lines 1797--1797

 []


Underfull \hbox (badness 10000) in paragraph at lines 1797--1797
[][][][][][][][]
 []


Underfull \hbox (badness 10000) in paragraph at lines 1797--1797
[][][][][][][][][][][]
 []


Underfull \hbox (badness 10000) in paragraph at lines 1797--1797
[][][][][][][][][][][][][][][]
 []


Underfull \hbox (badness 10000) in paragraph at lines 1797--1797

 []


Underfull \hbox (badness 10000) in paragraph at lines 1797--1797
[][][][][][][][][][][][]
 []


Underfull \hbox (badness 10000) in paragraph at lines 1797--1797
[][][][][][][][][][][][][][][]
 []


Underfull \hbox (badness 10000) in paragraph at lines 1797--1797

 []


Underfull \hbox (badness 10000) in paragraph at lines 1797--1797
[][][][][][][][][][][][]
 []


Underfull \hbox (badness 10000) in paragraph at lines 1797--1797
[][][][][][][][][][][][][][][]
 []


Underfull \hbox (badness 10000) in paragraph at lines 1797--1797

 []


Underfull \hbox (badness 10000) in paragraph at lines 1797--1797
[][][][][][][][][][][][][][][][]
 []


Underfull \hbox (badness 10000) in paragraph at lines 1797--1797

 []


Underfull \hbox (badness 10000) in paragraph at lines 1797--1797
[][][][][][][][][][][][][][][][]
 []


Underfull \hbox (badness 10000) in paragraph at lines 1797--1797

 []

[27] [28] [29] [30] [31]

Package hyperref Warning: Token not allowed in a PDF string (Unicode):
(hyperref)                removing `math shift' on input line 1896.


Package hyperref Warning: Token not allowed in a PDF string (Unicode):
(hyperref)                removing `subscript' on input line 1896.


Package hyperref Warning: Token not allowed in a PDF string (Unicode):
(hyperref)                removing `math shift' on input line 1896.


Package hyperref Warning: Token not allowed in a PDF string (Unicode):
(hyperref)                removing `math shift' on input line 1896.


Package hyperref Warning: Token not allowed in a PDF string (Unicode):
(hyperref)                removing `subscript' on input line 1896.


Package hyperref Warning: Token not allowed in a PDF string (Unicode):
(hyperref)                removing `\land' on input line 1896.


Package hyperref Warning: Token not allowed in a PDF string (Unicode):
(hyperref)                removing `subscript' on input line 1896.


Package hyperref Warning: Token not allowed in a PDF string (Unicode):
(hyperref)                removing `subscript' on input line 1896.


Package hyperref Warning: Token not allowed in a PDF string (Unicode):
(hyperref)                removing `subscript' on input line 1896.


Package hyperref Warning: Token not allowed in a PDF string (Unicode):
(hyperref)                removing `math shift' on input line 1896.

[32]

Package hyperref Warning: Token not allowed in a PDF string (Unicode):
(hyperref)                removing `math shift' on input line 1959.


Package hyperref Warning: Token not allowed in a PDF string (Unicode):
(hyperref)                removing `math shift' on input line 1959.


Underfull \hbox (badness 10000) in paragraph at lines 2031--2031
[][][][][][][][]
 []


Underfull \hbox (badness 10000) in paragraph at lines 2031--2031

 []


Underfull \hbox (badness 10000) in paragraph at lines 2031--2031
[][][][][][][][]
 []


Underfull \hbox (badness 10000) in paragraph at lines 2031--2031

 []

[33] [34]

Package hyperref Warning: Token not allowed in a PDF string (Unicode):
(hyperref)                removing `math shift' on input line 2033.


Package hyperref Warning: Token not allowed in a PDF string (Unicode):
(hyperref)                removing `\land' on input line 2033.


Package hyperref Warning: Token not allowed in a PDF string (Unicode):
(hyperref)                removing `math shift' on input line 2033.

[35]

Package hyperref Warning: Token not allowed in a PDF string (Unicode):
(hyperref)                removing `math shift' on input line 2106.


Package hyperref Warning: Token not allowed in a PDF string (Unicode):
(hyperref)                removing `math shift' on input line 2106.


Overfull \hbox (17.9748pt too wide) in paragraph at lines 2107--2112
[]\OT1/cmr/m/n/10 Voici la par-tie qui clo-ture l'al-go-rithme sui-vant la boucle "while" dont l'in-va-riant a ^^Set^^Se d^^Semontr^^Se pr^^Sec^^Sedemment.
 []

[36]

Package hyperref Warning: Token not allowed in a PDF string (Unicode):
(hyperref)                removing `math shift' on input line 2161.


Package hyperref Warning: Token not allowed in a PDF string (Unicode):
(hyperref)                removing `\land' on input line 2161.


Package hyperref Warning: Token not allowed in a PDF string (Unicode):
(hyperref)                removing `\neg' on input line 2161.


Package hyperref Warning: Token not allowed in a PDF string (Unicode):
(hyperref)                removing `math shift' on input line 2161.


Underfull \hbox (badness 10000) in paragraph at lines 2397--2397
[][][][][][][][][][][][][][][][][][][][][][][]
 []


Underfull \hbox (badness 10000) in paragraph at lines 2397--2397
[][][][][][][][][][][][][][][][][][][][][][]
 []


Underfull \hbox (badness 10000) in paragraph at lines 2397--2397
[][][][][]
 []


Underfull \hbox (badness 10000) in paragraph at lines 2397--2397
[][][][][][][][][][][][][][][][]
 []


Underfull \hbox (badness 10000) in paragraph at lines 2397--2397

 []


Underfull \hbox (badness 10000) in paragraph at lines 2397--2397
[][][][][][][][][][][][][][][][][][][][][][][][]
 []


Underfull \hbox (badness 10000) in paragraph at lines 2397--2397
[][][][][][][][][][][][][][][][][][][][][][]
 []


Underfull \hbox (badness 10000) in paragraph at lines 2397--2397
[][][][][]
 []


Underfull \hbox (badness 10000) in paragraph at lines 2397--2397
[][][][][][][][][][][][][][][][]
 []


Underfull \hbox (badness 10000) in paragraph at lines 2397--2397

 []


Underfull \hbox (badness 10000) in paragraph at lines 2397--2397
[][][][][]
 []


Underfull \hbox (badness 10000) in paragraph at lines 2397--2397
[][][][][][][][][][][][][][][][]
 []


Underfull \hbox (badness 10000) in paragraph at lines 2397--2397

 []


Underfull \hbox (badness 10000) in paragraph at lines 2397--2397
[][][][][]
 []


Underfull \hbox (badness 10000) in paragraph at lines 2397--2397
[][][][][][][][][][][][][][][][]
 []


Underfull \hbox (badness 10000) in paragraph at lines 2397--2397

 []


Underfull \hbox (badness 10000) in paragraph at lines 2397--2397
[][][][][][]
 []


Underfull \hbox (badness 10000) in paragraph at lines 2397--2397
[][][][][][][][][][][][][][][][]
 []


Underfull \hbox (badness 10000) in paragraph at lines 2397--2397

 []


Underfull \hbox (badness 10000) in paragraph at lines 2397--2397

 []


Underfull \hbox (badness 10000) in paragraph at lines 2397--2397
[][][][][][][][][][][][][][][][][][][][][][][]
 []


Underfull \hbox (badness 10000) in paragraph at lines 2397--2397
[][][][][][][][][][][][][][][][][][][][][][]
 []


Underfull \hbox (badness 10000) in paragraph at lines 2397--2397
[][][][][]
 []


Underfull \hbox (badness 10000) in paragraph at lines 2397--2397
[][][][][][][][][][][][][][][][]
 []


Underfull \hbox (badness 10000) in paragraph at lines 2397--2397

 []


Underfull \hbox (badness 10000) in paragraph at lines 2397--2397
[][][][][][][][][][][][][][][][][][][][][][][][]
 []


Underfull \hbox (badness 10000) in paragraph at lines 2397--2397
[][][][][][][][][][][][][][][][][][][][][][]
 []


Underfull \hbox (badness 10000) in paragraph at lines 2397--2397
[][][][][]
 []


Underfull \hbox (badness 10000) in paragraph at lines 2397--2397
[][][][][][][][][][][][][][][][]
 []


Underfull \hbox (badness 10000) in paragraph at lines 2397--2397

 []


Underfull \hbox (badness 10000) in paragraph at lines 2397--2397
[][][][][]
 []


Underfull \hbox (badness 10000) in paragraph at lines 2397--2397
[][][][][][][][][][][][][][][][]
 []


Underfull \hbox (badness 10000) in paragraph at lines 2397--2397

 []


Underfull \hbox (badness 10000) in paragraph at lines 2397--2397
[][][][][]
 []


Underfull \hbox (badness 10000) in paragraph at lines 2397--2397
[][][][][][][][][][][][][][][][]
 []


Underfull \hbox (badness 10000) in paragraph at lines 2397--2397

 []


Underfull \hbox (badness 10000) in paragraph at lines 2397--2397
[][][][][][]
 []


Underfull \hbox (badness 10000) in paragraph at lines 2397--2397
[][][][][][][][][][][][][][][][]
 []


Underfull \hbox (badness 10000) in paragraph at lines 2397--2397

 []


Underfull \hbox (badness 10000) in paragraph at lines 2397--2397

 []

[37] [38] [39]
Underfull \hbox (badness 10000) in paragraph at lines 2548--2548
[][][][][][][][][][][][][][][][][][][][][][][][]
 []


Underfull \hbox (badness 10000) in paragraph at lines 2548--2548
[][][][][]
 []


Underfull \hbox (badness 10000) in paragraph at lines 2548--2548
[][][][][][][][][][][][][][][][]
 []


Underfull \hbox (badness 10000) in paragraph at lines 2548--2548

 []


Underfull \hbox (badness 10000) in paragraph at lines 2548--2548
[][]
 []


Underfull \hbox (badness 10000) in paragraph at lines 2548--2548
[][][][][][][][]
 []


Underfull \hbox (badness 10000) in paragraph at lines 2548--2548
[][][][][][]
 []


Underfull \hbox (badness 10000) in paragraph at lines 2548--2548
[][][][][][][][][][]
 []


Underfull \hbox (badness 10000) in paragraph at lines 2548--2548

 []


Underfull \hbox (badness 10000) in paragraph at lines 2548--2548
[][]
 []


Underfull \hbox (badness 10000) in paragraph at lines 2548--2548
[][][][][][][][]
 []


Underfull \hbox (badness 10000) in paragraph at lines 2548--2548
[][][][][][]
 []


Underfull \hbox (badness 10000) in paragraph at lines 2548--2548
[][][][][][][][][][]
 []


Underfull \hbox (badness 10000) in paragraph at lines 2548--2548

 []


Underfull \hbox (badness 10000) in paragraph at lines 2548--2548

 []


Underfull \hbox (badness 10000) in paragraph at lines 2548--2548
[][][][][][][][][][][][][][][][][][][][][][][][]
 []


Underfull \hbox (badness 10000) in paragraph at lines 2548--2548
[][][][][]
 []


Underfull \hbox (badness 10000) in paragraph at lines 2548--2548
[][][][][][][][][][][][][][][][]
 []


Underfull \hbox (badness 10000) in paragraph at lines 2548--2548

 []


Underfull \hbox (badness 10000) in paragraph at lines 2548--2548
[][]
 []


Underfull \hbox (badness 10000) in paragraph at lines 2548--2548
[][][][][][][][]
 []


Underfull \hbox (badness 10000) in paragraph at lines 2548--2548
[][][][][][]
 []


Underfull \hbox (badness 10000) in paragraph at lines 2548--2548
[][][][][][][][][][]
 []


Underfull \hbox (badness 10000) in paragraph at lines 2548--2548

 []


Underfull \hbox (badness 10000) in paragraph at lines 2548--2548
[][]
 []


Underfull \hbox (badness 10000) in paragraph at lines 2548--2548
[][][][][][][][]
 []


Underfull \hbox (badness 10000) in paragraph at lines 2548--2548
[][][][][][]
 []


Underfull \hbox (badness 10000) in paragraph at lines 2548--2548
[][][][][][][][][][]
 []


Underfull \hbox (badness 10000) in paragraph at lines 2548--2548

 []


Underfull \hbox (badness 10000) in paragraph at lines 2548--2548

 []


Overfull \hbox (22.74734pt too wide) detected at line 2548
[]
 []

[40] [41]
Underfull \hbox (badness 10000) in paragraph at lines 2645--2645
[][][][][][][][][][][][][][][][][][][][][]
 []


Underfull \hbox (badness 10000) in paragraph at lines 2645--2645

 []


Underfull \hbox (badness 10000) in paragraph at lines 2645--2645
[][][][][][][][][][][][][][][][][][][][][]
 []


Underfull \hbox (badness 10000) in paragraph at lines 2645--2645

 []


Underfull \hbox (badness 10000) in paragraph at lines 2645--2645
[][][][][][][][][][][][][][][][][][][][][][]
 []


Underfull \hbox (badness 10000) in paragraph at lines 2645--2645

 []


Underfull \hbox (badness 10000) in paragraph at lines 2645--2645
[][][][][][][][][][][][][][][][][][][][][]
 []


Underfull \hbox (badness 10000) in paragraph at lines 2645--2645

 []


Underfull \hbox (badness 10000) in paragraph at lines 2645--2645
[][][][][][][][][][][][][][][][][][][][][]
 []


Underfull \hbox (badness 10000) in paragraph at lines 2645--2645

 []


Underfull \hbox (badness 10000) in paragraph at lines 2645--2645
[][][][][][][][][][][][][][][][][][][][][][]
 []


Underfull \hbox (badness 10000) in paragraph at lines 2645--2645

 []

[42]
Underfull \hbox (badness 10000) in paragraph at lines 2782--2782
[][][][][][][][][][][][][][][][][][][][][][][][][][][]
 []


Underfull \hbox (badness 10000) in paragraph at lines 2782--2782
[][][][][][][][][][][][][][][][][][][][][]
 []


Underfull \hbox (badness 10000) in paragraph at lines 2782--2782
[][][][][][][][][][][][][][][][][][][][][]
 []


Underfull \hbox (badness 10000) in paragraph at lines 2782--2782
[][][][][][][][][][][][][][][][][][][][][]
 []


Underfull \hbox (badness 10000) in paragraph at lines 2782--2782

 []


Underfull \hbox (badness 10000) in paragraph at lines 2782--2782
[][][][][][][][][][][][][][][][][][][][][]
 []


Underfull \hbox (badness 10000) in paragraph at lines 2782--2782
[][][][][][][][][][][][][][][][][][][][][]
 []


Underfull \hbox (badness 10000) in paragraph at lines 2782--2782

 []


Underfull \hbox (badness 10000) in paragraph at lines 2782--2782
[][][][][][][][][][][][][][][][][][][][][]
 []


Underfull \hbox (badness 10000) in paragraph at lines 2782--2782
[][][][][][][][][][][][][][][][][][][][][]
 []


Underfull \hbox (badness 10000) in paragraph at lines 2782--2782

 []


Underfull \hbox (badness 10000) in paragraph at lines 2782--2782
[][][][][][][][][][][][][][][][][][][][][][]
 []


Underfull \hbox (badness 10000) in paragraph at lines 2782--2782
[][][][][][][][][][][][][][][][][][][][][]
 []


Underfull \hbox (badness 10000) in paragraph at lines 2782--2782

 []


Underfull \hbox (badness 10000) in paragraph at lines 2782--2782
[][][][][][][][][][][][][][][][][][][][][][][][][][][]
 []


Underfull \hbox (badness 10000) in paragraph at lines 2782--2782
[][][][][][][][][][][][][][][][][][][][][]
 []


Underfull \hbox (badness 10000) in paragraph at lines 2782--2782
[][][][][][][][][][][][][][][][][][][][][]
 []


Underfull \hbox (badness 10000) in paragraph at lines 2782--2782
[][][][][][][][][][][][][][][][][][][][][]
 []


Underfull \hbox (badness 10000) in paragraph at lines 2782--2782

 []


Underfull \hbox (badness 10000) in paragraph at lines 2782--2782
[][][][][][][][][][][][][][][][][][][][][]
 []


Underfull \hbox (badness 10000) in paragraph at lines 2782--2782
[][][][][][][][][][][][][][][][][][][][][]
 []


Underfull \hbox (badness 10000) in paragraph at lines 2782--2782

 []


Underfull \hbox (badness 10000) in paragraph at lines 2782--2782
[][][][][][][][][][][][][][][][][][][][][]
 []


Underfull \hbox (badness 10000) in paragraph at lines 2782--2782
[][][][][][][][][][][][][][][][][][][][][]
 []


Underfull \hbox (badness 10000) in paragraph at lines 2782--2782

 []


Underfull \hbox (badness 10000) in paragraph at lines 2782--2782
[][][][][][][][][][][][][][][][][][][][][][]
 []


Underfull \hbox (badness 10000) in paragraph at lines 2782--2782
[][][][][][][][][][][][][][][][][][][][][]
 []


Underfull \hbox (badness 10000) in paragraph at lines 2782--2782

 []

[43] [44]
Underfull \hbox (badness 10000) in paragraph at lines 2874--2874
[][][][][]
 []


Underfull \hbox (badness 10000) in paragraph at lines 2874--2874
[][][][][][][][][][][][][][][][]
 []


Underfull \hbox (badness 10000) in paragraph at lines 2874--2874

 []


Underfull \hbox (badness 10000) in paragraph at lines 2874--2874
[][][][][][]
 []


Underfull \hbox (badness 10000) in paragraph at lines 2874--2874
[][][][][][][][][][][][][][][][]
 []


Underfull \hbox (badness 10000) in paragraph at lines 2874--2874

 []


Underfull \hbox (badness 10000) in paragraph at lines 2874--2874

 []


Underfull \hbox (badness 10000) in paragraph at lines 2874--2874
[][][][][]
 []


Underfull \hbox (badness 10000) in paragraph at lines 2874--2874
[][][][][][][][][][][][][][][][]
 []


Underfull \hbox (badness 10000) in paragraph at lines 2874--2874

 []


Underfull \hbox (badness 10000) in paragraph at lines 2874--2874
[][][][][][]
 []


Underfull \hbox (badness 10000) in paragraph at lines 2874--2874
[][][][][][][][][][][][][][][][]
 []


Underfull \hbox (badness 10000) in paragraph at lines 2874--2874

 []


Underfull \hbox (badness 10000) in paragraph at lines 2874--2874

 []

[45] [46]
Overfull \hbox (25.97247pt too wide) in paragraph at lines 2933--2939
[]\OT1/cmr/m/n/10 La taille $\OML/cmm/m/it/10 m$ \OT1/cmr/m/n/10 du ta-bleau $\OML/cmm/m/it/10 path$ \OT1/cmr/m/n/10 d^^Sepend bel et bien des condi-tions ex-prim^^Sees dans l'ex-pres-sion math^^Sematiques [].
 []


Overfull \hbox (57.57263pt too wide) in paragraph at lines 2933--2939
\OT1/cmr/m/n/10 Soit 0 (ou $\OMS/cmsy/m/n/10 ;$\OT1/cmr/m/n/10 ) dans le cas o^^Ru un che-min n'est pas trouv^^Se se-lon l'ex-pres-sion [] (ici $\OML/cmm/m/it/10 path [] Chemins[]possibles\OT1/cmr/m/n/10 (\OML/cmm/m/it/10 w; s; d\OT1/cmr/m/n/10 )$) ;
 []

[47]
Overfull \hbox (15.82329pt too wide) in paragraph at lines 2951--2955
[]\OT1/cmr/m/n/10 Par[], $\OML/cmm/m/it/10 Q[]$ \OT1/cmr/m/n/10 im-plique bel et bien cette condi-tion car $\OML/cmm/m/it/10 shortest[]path \OT1/cmr/m/n/10 = 0$ si $\OML/cmm/m/it/10 path [] Chemins[]possibles\OT1/cmr/m/n/10 (\OML/cmm/m/it/10 w; s; d\OT1/cmr/m/n/10 )$
 []


Package hyperref Warning: Token not allowed in a PDF string (Unicode):
(hyperref)                removing `math shift' on input line 2957.


Package hyperref Warning: Token not allowed in a PDF string (Unicode):
(hyperref)                removing `\@@overline' on input line 2957.


Package hyperref Warning: Token not allowed in a PDF string (Unicode):
(hyperref)                removing `math shift' on input line 2957.


Overfull \hbox (10.0017pt too wide) in paragraph at lines 3013--3016
[]\OT1/cmr/m/n/10 A la fin de l'ex-plo-ra-tion, l'^^Sel^^Sement est en-lev^^Se de la file de prio-rit^^Se, ce qui pro-voque un \OT1/cmr/m/it/10 or-der[]lineage[]down()
 []

[48] (../simplified_dikstra_algo/src/dijkstra_recursive.c [49] [50])
<graphe_satelite_ohey.png, id=1220, 1911.14pt x 1660.2025pt>
File: graphe_satelite_ohey.png Graphic file (type png)
<use graphe_satelite_ohey.png>
Package pdftex.def Info: graphe_satelite_ohey.png  used on input line 3063.
(pdftex.def)             Requested size: 375.57782pt x 326.25879pt.


LaTeX Warning: `h' float specifier changed to `ht'.

[51] (./report_algo_simplifié.bbl) [52 <./graphe_satelite_ohey.png>] (./report_algo_simplifié.aux)
Package rerunfilecheck Info: File `report_algo_simplifié.out' has not changed.
(rerunfilecheck)             Checksum: E705AFE038EDDDED83C27C066B39FC97;9252.
 ) 
Here is how much of TeX's memory you used:
 15024 strings out of 478287
 229312 string characters out of 5849288
 1256851 words of memory out of 5000000
 32095 multiletter control sequences out of 15000+600000
 479022 words of font info for 66 fonts, out of 8000000 for 9000
 1141 hyphenation exceptions out of 8191
 70i,33n,76p,667b,1991s stack positions out of 5000i,500n,10000p,200000b,80000s
pdfTeX warning (dest): name{cite.web\\penalty\040\\@M\040\040:w3schools} has been referenced but does not exist, replaced by a fixed one

pdfTeX warning (dest): name{cite.yt\\penalty\040\\@M\040\040:monka2015} has been referenced but does not exist, replaced by a fixed one

pdfTeX warning (dest): name{cite.yt\\penalty\040\\@M\040\040:monceau2020} has been referenced but does not exist, replaced by a fixed one

</usr/share/texlive/texmf-dist/fonts/type1/public/amsfonts/cm/cmbx10.pfb></usr/share/texlive/texmf-dist/fonts/type1/public/amsfonts/cm/cmbx12.pfb></usr/share/texlive/texmf-dist/fonts/type1/public/amsfonts/cm/cmcsc10.pfb></usr/share/texlive/texmf-dist/fonts/type1/public/amsfonts/cm/cmex10.pfb></usr/share/texlive/texmf-dist/fonts/type1/public/amsfonts/cm/cmmi10.pfb></usr/share/texlive/texmf-dist/fonts/type1/public/amsfonts/cm/cmmi12.pfb></usr/share/texlive/texmf-dist/fonts/type1/public/amsfonts/cm/cmmi7.pfb></usr/share/texlive/texmf-dist/fonts/type1/public/amsfonts/cm/cmr10.pfb></usr/share/texlive/texmf-dist/fonts/type1/public/amsfonts/cm/cmr12.pfb></usr/share/texlive/texmf-dist/fonts/type1/public/amsfonts/cm/cmr17.pfb></usr/share/texlive/texmf-dist/fonts/type1/public/amsfonts/cm/cmr5.pfb></usr/share/texlive/texmf-dist/fonts/type1/public/amsfonts/cm/cmr7.pfb></usr/share/texlive/texmf-dist/fonts/type1/public/amsfonts/cm/cmsy10.pfb></usr/share/texlive/texmf-dist/fonts/type1/public/amsfonts/cm/cmsy7.pfb></usr/share/texlive/texmf-dist/fonts/type1/public/amsfonts/cm/cmti10.pfb></usr/share/texlive/texmf-dist/fonts/type1/public/amsfonts/cm/cmtt9.pfb></usr/share/texlive/texmf-dist/fonts/type1/public/amsfonts/symbols/msbm10.pfb>
Output written on report_algo_simplifié.pdf (52 pages, 7368183 bytes).
PDF statistics:
 1549 PDF objects out of 1728 (max. 8388607)
 1433 compressed objects within 15 object streams
 926 named destinations out of 1000 (max. 500000)
 318 words of extra memory for PDF output out of 10000 (max. 10000000)

